Mar-05 18:49:04.682 [main] DEBUG nextflow.cli.Launcher - $> nextflow run main.nf -stub-run -process.executor local -ansi-log false
Mar-05 18:49:04.714 [main] INFO  nextflow.cli.CmdRun - N E X T F L O W  ~  version 25.10.4
Mar-05 18:49:04.727 [main] DEBUG nextflow.plugin.PluginsFacade - Setting up plugin manager > mode=prod; embedded=false; plugins-dir=.nxf-plugins; core-plugins: nf-amazon@3.4.4,nf-azure@1.20.2,nf-cloudcache@0.5.0,nf-codecommit@0.5.0,nf-console@1.3.0,nf-google@1.23.5,nf-k8s@1.2.2,nf-tower@1.17.5,nf-wave@1.16.1
Mar-05 18:49:04.740 [main] INFO  o.pf4j.DefaultPluginStatusProvider - Enabled plugins: []
Mar-05 18:49:04.740 [main] INFO  o.pf4j.DefaultPluginStatusProvider - Disabled plugins: []
Mar-05 18:49:04.741 [main] INFO  org.pf4j.DefaultPluginManager - PF4J version 3.12.0 in 'deployment' mode
Mar-05 18:49:04.750 [main] DEBUG nextflow.util.RetryConfig - Missing nextflow session - using default retry config
Mar-05 18:49:04.834 [main] INFO  org.pf4j.AbstractPluginManager - No plugins
Mar-05 18:49:04.846 [main] DEBUG nextflow.config.ConfigBuilder - Found config local: /Users/agshinbalayev/Documents/GermGatkSVonHPC/nextflow.config
Mar-05 18:49:04.848 [main] DEBUG nextflow.config.ConfigBuilder - Parsing config file: /Users/agshinbalayev/Documents/GermGatkSVonHPC/nextflow.config
Mar-05 18:49:04.859 [main] DEBUG nextflow.config.ConfigBuilder - Applying config profile: `standard`
Mar-05 18:49:05.438 [main] DEBUG nextflow.plugin.PluginsFacade - Plugins default=[]
Mar-05 18:49:05.438 [main] DEBUG nextflow.plugin.PluginsFacade - Plugins resolved requirement=[]
Mar-05 18:49:05.447 [main] DEBUG nextflow.extension.FilesEx - Failed to create directory '/Users/agshinbalayev/.nextflow/secrets'
java.nio.file.FileSystemException: /Users/agshinbalayev/.nextflow/secrets: Operation not permitted
	at java.base/sun.nio.fs.UnixException.translateToIOException(UnixException.java:100)
	at java.base/sun.nio.fs.UnixException.rethrowAsIOException(UnixException.java:106)
	at java.base/sun.nio.fs.UnixException.rethrowAsIOException(UnixException.java:111)
	at java.base/sun.nio.fs.UnixFileSystemProvider.createDirectory(UnixFileSystemProvider.java:418)
	at java.base/java.nio.file.Files.createDirectory(Files.java:647)
	at java.base/java.nio.file.Files.createAndCheckIsDirectory(Files.java:734)
	at java.base/java.nio.file.Files.createDirectories(Files.java:720)
	at org.codehaus.groovy.vmplugin.v8.IndyInterface.selectMethod(IndyInterface.java:355)
	at org.codehaus.groovy.vmplugin.v8.IndyInterface.fromCache(IndyInterface.java:321)
	at nextflow.extension.FilesEx.mkdirs(FilesEx.groovy:493)
	at nextflow.secret.LocalSecretsProvider.makeStoreFile(LocalSecretsProvider.groovy:71)
	at nextflow.secret.LocalSecretsProvider.<init>(LocalSecretsProvider.groovy:60)
	at java.base/jdk.internal.reflect.DirectConstructorHandleAccessor.newInstance(DirectConstructorHandleAccessor.java:62)
	at java.base/java.lang.reflect.Constructor.newInstanceWithCaller(Constructor.java:499)
	at java.base/java.lang.reflect.ReflectAccess.newInstance(ReflectAccess.java:79)
	at java.base/jdk.internal.reflect.ReflectionFactory.newInstance(ReflectionFactory.java:189)
	at java.base/java.lang.Class.newInstance(Class.java:715)
	at org.pf4j.DefaultExtensionFactory.create(DefaultExtensionFactory.java:38)
	at org.pf4j.SingletonExtensionFactory.create(SingletonExtensionFactory.java:64)
	at org.pf4j.ExtensionWrapper.getExtension(ExtensionWrapper.java:38)
	at org.pf4j.AbstractPluginManager.getExtensions(AbstractPluginManager.java:1057)
	at org.pf4j.AbstractPluginManager.getExtensions(AbstractPluginManager.java:634)
	at nextflow.plugin.PluginsFacade.getExtensions(PluginsFacade.groovy:311)
	at nextflow.plugin.PluginsFacade.getPriorityExtensions(PluginsFacade.groovy:351)
	at nextflow.plugin.Plugins.getPriorityExtensions(Plugins.groovy:66)
	at nextflow.plugin.Plugins.getPriorityExtensions(Plugins.groovy)
	at org.codehaus.groovy.vmplugin.v8.IndyInterface.fromCache(IndyInterface.java:321)
	at nextflow.secret.SecretsLoader.load0(SecretsLoader.groovy:52)
	at org.codehaus.groovy.vmplugin.v8.IndyInterface.fromCache(IndyInterface.java:321)
	at nextflow.secret.SecretsLoader.load(SecretsLoader.groovy:46)
	at nextflow.cli.CmdRun.run(CmdRun.groovy:367)
	at nextflow.cli.Launcher.run(Launcher.groovy:515)
	at nextflow.cli.Launcher.main(Launcher.groovy:675)
Mar-05 18:49:05.448 [main] ERROR org.pf4j.AbstractPluginManager - Cannot retrieve extension
org.pf4j.PluginRuntimeException: java.lang.IllegalStateException: Cannot create directory '/Users/agshinbalayev/.nextflow/secrets' -- make sure a file with the same name doesn't already exist and you have write permissions
	at org.pf4j.DefaultExtensionFactory.create(DefaultExtensionFactory.java:40)
	at org.pf4j.SingletonExtensionFactory.create(SingletonExtensionFactory.java:64)
	at org.pf4j.ExtensionWrapper.getExtension(ExtensionWrapper.java:38)
	at org.pf4j.AbstractPluginManager.getExtensions(AbstractPluginManager.java:1057)
	at org.pf4j.AbstractPluginManager.getExtensions(AbstractPluginManager.java:634)
	at nextflow.plugin.PluginsFacade.getExtensions(PluginsFacade.groovy:311)
	at nextflow.plugin.PluginsFacade.getPriorityExtensions(PluginsFacade.groovy:351)
	at nextflow.plugin.Plugins.getPriorityExtensions(Plugins.groovy:66)
	at nextflow.plugin.Plugins.getPriorityExtensions(Plugins.groovy)
	at org.codehaus.groovy.vmplugin.v8.IndyInterface.fromCache(IndyInterface.java:321)
	at nextflow.secret.SecretsLoader.load0(SecretsLoader.groovy:52)
	at org.codehaus.groovy.vmplugin.v8.IndyInterface.fromCache(IndyInterface.java:321)
	at nextflow.secret.SecretsLoader.load(SecretsLoader.groovy:46)
	at nextflow.cli.CmdRun.run(CmdRun.groovy:367)
	at nextflow.cli.Launcher.run(Launcher.groovy:515)
	at nextflow.cli.Launcher.main(Launcher.groovy:675)
Caused by: java.lang.IllegalStateException: Cannot create directory '/Users/agshinbalayev/.nextflow/secrets' -- make sure a file with the same name doesn't already exist and you have write permissions
	at nextflow.secret.LocalSecretsProvider.makeStoreFile(LocalSecretsProvider.groovy:72)
	at nextflow.secret.LocalSecretsProvider.<init>(LocalSecretsProvider.groovy:60)
	at java.base/jdk.internal.reflect.DirectConstructorHandleAccessor.newInstance(DirectConstructorHandleAccessor.java:62)
	at java.base/java.lang.reflect.Constructor.newInstanceWithCaller(Constructor.java:499)
	at java.base/java.lang.reflect.ReflectAccess.newInstance(ReflectAccess.java:79)
	at java.base/jdk.internal.reflect.ReflectionFactory.newInstance(ReflectionFactory.java:189)
	at java.base/java.lang.Class.newInstance(Class.java:715)
	at org.pf4j.DefaultExtensionFactory.create(DefaultExtensionFactory.java:38)
	... 15 common frames omitted
Mar-05 18:49:05.449 [main] DEBUG nextflow.secret.SecretsLoader - Discovered secrets providers: [] - activable => null
Mar-05 18:49:05.452 [main] DEBUG nextflow.cli.Launcher - Operation aborted
nextflow.exception.AbortOperationException: Unable to load secrets provider
	at org.codehaus.groovy.vmplugin.v8.IndyInterface.fromCache(IndyInterface.java:321)
	at nextflow.secret.SecretsLoader.load0(SecretsLoader.groovy:59)
	at org.codehaus.groovy.vmplugin.v8.IndyInterface.fromCache(IndyInterface.java:321)
	at nextflow.secret.SecretsLoader.load(SecretsLoader.groovy:46)
	at nextflow.cli.CmdRun.run(CmdRun.groovy:367)
	at nextflow.cli.Launcher.run(Launcher.groovy:515)
	at nextflow.cli.Launcher.main(Launcher.groovy:675)
